<?xml version="1.0" encoding="utf-8"?><testsuites><testsuite name="pytest" errors="0" failures="0" skipped="0" tests="6" time="0.094" timestamp="2022-09-21T16:35:29.734727" hostname="DESKTOP-7RE8941"><testcase classname="tests.test_bytebank.TestClass" name="test_para_retornar_nome" time="0.002" /><testcase classname="tests.test_bytebank.TestClass" name="test_quando_data_recebe_13_03_2000_deve_retornar_22" time="0.001" /><testcase classname="tests.test_bytebank.TestClass" name="test_quando_o_nome_recebe_Lucas_Carvalho_deve_retornar_apenas_Carvalho" time="0.001" /><testcase classname="tests.test_bytebank.TestClass" name="test_quando_descrecimo_salario_recebe_100000_deve_retornar_90000" time="0.001" /><testcase classname="tests.test_bytebank.TestClass" name="test_quando_calcular_bonus_recebe_1000_deve_retornar_100" time="0.001" /><testcase classname="tests.test_bytebank.TestClass" name="test_quando_calcular_bonus_recebe_100000000_deve_retornar_exception" time="0.001" /></testsuite></testsuites>